<?xml version="1.0" encoding="UTF-8"?>
<testng-results skipped="0" failed="1" ignored="0" total="4" passed="3">
  <reporter-output>
  </reporter-output>
  <suite name="Sauce Labs Application Test Automation Test Suite" duration-ms="12842" started-at="2025-03-27T11:45:03 IST" finished-at="2025-03-27T11:45:16 IST">
    <groups>
    </groups>
    <test name="Sauce Labs App Test Cases" duration-ms="12842" started-at="2025-03-27T11:45:03 IST" finished-at="2025-03-27T11:45:16 IST">
      <class name="testcases.HomePageTest">
        <test-method status="PASS" signature="setUp()[pri:0, instance:testcases.HomePageTest@3a883ce7]" name="setUp" is-config="true" duration-ms="2361" started-at="2025-03-27T11:45:13 IST" finished-at="2025-03-27T11:45:15 IST">
          <reporter-output>
          </reporter-output>
        </test-method> <!-- setUp -->
        <test-method status="FAIL" signature="homePageTitleTest()[pri:1, instance:testcases.HomePageTest@3a883ce7]" name="homePageTitleTest" duration-ms="14" started-at="2025-03-27T11:45:15 IST" finished-at="2025-03-27T11:45:15 IST">
          <exception class="java.lang.AssertionError">
            <message>
              <![CDATA[Home page title not matched expected [Swag Labs1] but found [Swag Labs]]]>
            </message>
            <full-stacktrace>
              <![CDATA[java.lang.AssertionError: Home page title not matched expected [Swag Labs1] but found [Swag Labs]
at org.testng.Assert.fail(Assert.java:99)
at org.testng.Assert.failNotEquals(Assert.java:1037)
at org.testng.Assert.assertEqualsImpl(Assert.java:140)
at org.testng.Assert.assertEquals(Assert.java:122)
at org.testng.Assert.assertEquals(Assert.java:629)
at testcases.HomePageTest.homePageTitleTest(HomePageTest.java:31)
at sun.reflect.NativeMethodAccessorImpl.invoke0(Native Method)
at sun.reflect.NativeMethodAccessorImpl.invoke(NativeMethodAccessorImpl.java:62)
at sun.reflect.DelegatingMethodAccessorImpl.invoke(DelegatingMethodAccessorImpl.java:43)
at java.lang.reflect.Method.invoke(Method.java:498)
at org.testng.internal.MethodInvocationHelper.invokeMethod(MethodInvocationHelper.java:133)
at org.testng.internal.TestInvoker.invokeMethod(TestInvoker.java:598)
at org.testng.internal.TestInvoker.invokeTestMethod(TestInvoker.java:173)
at org.testng.internal.MethodRunner.runInSequence(MethodRunner.java:46)
at org.testng.internal.TestInvoker$MethodInvocationAgent.invoke(TestInvoker.java:824)
at org.testng.internal.TestInvoker.invokeTestMethods(TestInvoker.java:146)
at org.testng.internal.TestMethodWorker.invokeTestMethods(TestMethodWorker.java:146)
at org.testng.internal.TestMethodWorker.run(TestMethodWorker.java:128)
at java.util.ArrayList.forEach(ArrayList.java:1257)
at org.testng.TestRunner.privateRun(TestRunner.java:794)
at org.testng.TestRunner.run(TestRunner.java:596)
at org.testng.SuiteRunner.runTest(SuiteRunner.java:377)
at org.testng.SuiteRunner.runSequentially(SuiteRunner.java:371)
at org.testng.SuiteRunner.privateRun(SuiteRunner.java:332)
at org.testng.SuiteRunner.run(SuiteRunner.java:276)
at org.testng.SuiteRunnerWorker.runSuite(SuiteRunnerWorker.java:53)
at org.testng.SuiteRunnerWorker.run(SuiteRunnerWorker.java:96)
at org.testng.TestNG.runSuitesSequentially(TestNG.java:1212)
at org.testng.TestNG.runSuitesLocally(TestNG.java:1134)
at org.testng.TestNG.runSuites(TestNG.java:1063)
at org.testng.TestNG.run(TestNG.java:1031)
at com.intellij.rt.testng.IDEARemoteTestNG.run(IDEARemoteTestNG.java:65)
at com.intellij.rt.testng.RemoteTestNGStarter.main(RemoteTestNGStarter.java:105)
]]>
            </full-stacktrace>
          </exception> <!-- java.lang.AssertionError -->
          <reporter-output>
          </reporter-output>
        </test-method> <!-- homePageTitleTest -->
        <test-method status="PASS" signature="tearDown()[pri:0, instance:testcases.HomePageTest@3a883ce7]" name="tearDown" is-config="true" duration-ms="726" started-at="2025-03-27T11:45:15 IST" finished-at="2025-03-27T11:45:16 IST">
          <reporter-output>
          </reporter-output>
        </test-method> <!-- tearDown -->
      </class> <!-- testcases.HomePageTest -->
      <class name="testcases.LoginPageTest">
        <test-method status="PASS" signature="setUp()[pri:0, instance:testcases.LoginPageTest@3108bc]" name="setUp" is-config="true" duration-ms="3188" started-at="2025-03-27T11:45:03 IST" finished-at="2025-03-27T11:45:06 IST">
          <reporter-output>
          </reporter-output>
        </test-method> <!-- setUp -->
        <test-method status="PASS" signature="loginPageTitleTest()[pri:1, instance:testcases.LoginPageTest@3108bc]" name="loginPageTitleTest" duration-ms="11" started-at="2025-03-27T11:45:06 IST" finished-at="2025-03-27T11:45:06 IST">
          <reporter-output>
          </reporter-output>
        </test-method> <!-- loginPageTitleTest -->
        <test-method status="PASS" signature="tearDown()[pri:0, instance:testcases.LoginPageTest@3108bc]" name="tearDown" is-config="true" duration-ms="717" started-at="2025-03-27T11:45:06 IST" finished-at="2025-03-27T11:45:07 IST">
          <reporter-output>
          </reporter-output>
        </test-method> <!-- tearDown -->
        <test-method status="PASS" signature="setUp()[pri:0, instance:testcases.LoginPageTest@3108bc]" name="setUp" is-config="true" duration-ms="1840" started-at="2025-03-27T11:45:07 IST" finished-at="2025-03-27T11:45:09 IST">
          <reporter-output>
          </reporter-output>
        </test-method> <!-- setUp -->
        <test-method status="PASS" signature="swagLogoImgTest()[pri:2, instance:testcases.LoginPageTest@3108bc]" name="swagLogoImgTest" duration-ms="66" started-at="2025-03-27T11:45:09 IST" finished-at="2025-03-27T11:45:09 IST">
          <reporter-output>
          </reporter-output>
        </test-method> <!-- swagLogoImgTest -->
        <test-method status="PASS" signature="tearDown()[pri:0, instance:testcases.LoginPageTest@3108bc]" name="tearDown" is-config="true" duration-ms="703" started-at="2025-03-27T11:45:09 IST" finished-at="2025-03-27T11:45:10 IST">
          <reporter-output>
          </reporter-output>
        </test-method> <!-- tearDown -->
        <test-method status="PASS" signature="setUp()[pri:0, instance:testcases.LoginPageTest@3108bc]" name="setUp" is-config="true" duration-ms="2022" started-at="2025-03-27T11:45:10 IST" finished-at="2025-03-27T11:45:12 IST">
          <reporter-output>
          </reporter-output>
        </test-method> <!-- setUp -->
        <test-method status="PASS" signature="loginTest()[pri:3, instance:testcases.LoginPageTest@3108bc]" name="loginTest" duration-ms="376" started-at="2025-03-27T11:45:12 IST" finished-at="2025-03-27T11:45:12 IST">
          <reporter-output>
          </reporter-output>
        </test-method> <!-- loginTest -->
        <test-method status="PASS" signature="tearDown()[pri:0, instance:testcases.LoginPageTest@3108bc]" name="tearDown" is-config="true" duration-ms="749" started-at="2025-03-27T11:45:12 IST" finished-at="2025-03-27T11:45:13 IST">
          <reporter-output>
          </reporter-output>
        </test-method> <!-- tearDown -->
      </class> <!-- testcases.LoginPageTest -->
    </test> <!-- Sauce Labs App Test Cases -->
  </suite> <!-- Sauce Labs Application Test Automation Test Suite -->
</testng-results>
